# JRE version: Java(TM) SE Runtime Environment (17.0.12+8) (build 17.0.12+8-LTS-286)
# Java VM: Java HotSpot(TM) 64-Bit Server VM (17.0.12+8-LTS-286, mixed mode, sharing, tiered, compressed oops, compressed class ptrs, g1 gc, windows-amd64)
GC Precious Log:
 CPUs: 2 total, 2 available
 Memory: 4095M
 Large Page Support: Disabled
 NUMA Support: Disabled
 Compressed Oops: Enabled (32-bit)
 Heap Region Size: 1M
 Heap Min Capacity: 8M
 Heap Initial Capacity: 64M
 Heap Max Capacity: 1G
 Pre-touch: Disabled
 Parallel Workers: 2
 Concurrent Workers: 1
 Concurrent Refinement Workers: 2
 Periodic GC: Disabled
Heap:
 garbage-first heap   total 279552K, used 142808K [0x00000000c0000000, 0x0000000100000000)
  region size 1024K, 91 young (93184K), 1 survivors (1024K)
 Metaspace       used 39777K, committed 40192K, reserved 1114112K
  class space    used 4486K, committed 4672K, reserved 1048576K
GC Heap History (20 events):
Event: 11.053 GC heap before
{Heap before GC invocations=31 (full 0):
 garbage-first heap   total 94208K, used 62344K [0x00000000c0000000, 0x0000000100000000)
  region size 1024K, 10 young (10240K), 2 survivors (2048K)
 Metaspace       used 26269K, committed 26560K, reserved 1114112K
  class space    used 2947K, committed 3072K, reserved 1048576K
}
Event: 11.055 GC heap after
{Heap after GC invocations=32 (full 0):
 garbage-first heap   total 94208K, used 21605K [0x00000000c0000000, 0x0000000100000000)
  region size 1024K, 2 young (2048K), 2 survivors (2048K)
 Metaspace       used 26269K, committed 26560K, reserved 1114112K
  class space    used 2947K, committed 3072K, reserved 1048576K
}
Event: 12.208 GC heap before
{Heap before GC invocations=32 (full 0):
 garbage-first heap   total 94208K, used 80997K [0x00000000c0000000, 0x0000000100000000)
  region size 1024K, 55 young (56320K), 2 survivors (2048K)
 Metaspace       used 34330K, committed 34624K, reserved 1114112K
  class space    used 3902K, committed 4032K, reserved 1048576K
}
Event: 12.228 GC heap after
{Heap after GC invocations=33 (full 0):
 garbage-first heap   total 100352K, used 43624K [0x00000000c0000000, 0x0000000100000000)
  region size 1024K, 7 young (7168K), 7 survivors (7168K)
 Metaspace       used 34330K, committed 34624K, reserved 1114112K
  class space    used 3902K, committed 4032K, reserved 1048576K
}
Event: 12.767 GC heap before
{Heap before GC invocations=33 (full 0):
 garbage-first heap   total 100352K, used 75368K [0x00000000c0000000, 0x0000000100000000)
  region size 1024K, 38 young (38912K), 7 survivors (7168K)
 Metaspace       used 35574K, committed 35904K, reserved 1114112K
  class space    used 4020K, committed 4160K, reserved 1048576K
}
Event: 12.786 GC heap after
{Heap after GC invocations=34 (full 0):
 garbage-first heap   total 100352K, used 50619K [0x00000000c0000000, 0x0000000100000000)
  region size 1024K, 5 young (5120K), 5 survivors (5120K)
 Metaspace       used 35574K, committed 35904K, reserved 1114112K
  class space    used 4020K, committed 4160K, reserved 1048576K
}
Event: 13.152 GC heap before
{Heap before GC invocations=34 (full 0):
 garbage-first heap   total 100352K, used 75195K [0x00000000c0000000, 0x0000000100000000)
  region size 1024K, 30 young (30720K), 5 survivors (5120K)
 Metaspace       used 36908K, committed 37184K, reserved 1114112K
  class space    used 4179K, committed 4288K, reserved 1048576K
}
Event: 13.159 GC heap after
{Heap after GC invocations=35 (full 0):
 garbage-first heap   total 100352K, used 52184K [0x00000000c0000000, 0x0000000100000000)
  region size 1024K, 1 young (1024K), 1 survivors (1024K)
 Metaspace       used 36908K, committed 37184K, reserved 1114112K
  class space    used 4179K, committed 4288K, reserved 1048576K
}
Event: 13.999 GC heap before
{Heap before GC invocations=36 (full 0):
 garbage-first heap   total 100352K, used 75736K [0x00000000c0000000, 0x0000000100000000)
  region size 1024K, 27 young (27648K), 1 survivors (1024K)
 Metaspace       used 38802K, committed 39232K, reserved 1114112K
  class space    used 4383K, committed 4608K, reserved 1048576K
}
Event: 14.005 GC heap after
{Heap after GC invocations=37 (full 0):
 garbage-first heap   total 100352K, used 51506K [0x00000000c0000000, 0x0000000100000000)
  region size 1024K, 3 young (3072K), 3 survivors (3072K)
 Metaspace       used 38802K, committed 39232K, reserved 1114112K
  class space    used 4383K, committed 4608K, reserved 1048576K
}
Event: 14.027 GC heap before
{Heap before GC invocations=37 (full 0):
 garbage-first heap   total 100352K, used 51506K [0x00000000c0000000, 0x0000000100000000)
  region size 1024K, 4 young (4096K), 3 survivors (3072K)
 Metaspace       used 38803K, committed 39232K, reserved 1114112K
  class space    used 4383K, committed 4608K, reserved 1048576K
}
Event: 14.038 GC heap after
{Heap after GC invocations=38 (full 0):
 garbage-first heap   total 100352K, used 51198K [0x00000000c0000000, 0x0000000100000000)
  region size 1024K, 1 young (1024K), 1 survivors (1024K)
 Metaspace       used 38803K, committed 39232K, reserved 1114112K
  class space    used 4383K, committed 4608K, reserved 1048576K
}
Event: 14.141 GC heap before
{Heap before GC invocations=38 (full 0):
 garbage-first heap   total 100352K, used 55294K [0x00000000c0000000, 0x0000000100000000)
  region size 1024K, 6 young (6144K), 1 survivors (1024K)
 Metaspace       used 38809K, committed 39232K, reserved 1114112K
  class space    used 4383K, committed 4608K, reserved 1048576K
}
Event: 14.142 GC heap after
{Heap after GC invocations=39 (full 0):
 garbage-first heap   total 100352K, used 51151K [0x00000000c0000000, 0x0000000100000000)
  region size 1024K, 1 young (1024K), 1 survivors (1024K)
 Metaspace       used 38809K, committed 39232K, reserved 1114112K
  class space    used 4383K, committed 4608K, reserved 1048576K
}
Event: 14.400 GC heap before
{Heap before GC invocations=40 (full 0):
 garbage-first heap   total 100352K, used 80847K [0x00000000c0000000, 0x0000000100000000)
  region size 1024K, 29 young (29696K), 1 survivors (1024K)
 Metaspace       used 37402K, committed 38272K, reserved 1114112K
  class space    used 4216K, committed 4544K, reserved 1048576K
}
Event: 14.413 GC heap after
{Heap after GC invocations=41 (full 0):
 garbage-first heap   total 100352K, used 64388K [0x00000000c0000000, 0x0000000100000000)
  region size 1024K, 4 young (4096K), 4 survivors (4096K)
 Metaspace       used 37402K, committed 38272K, reserved 1114112K
  class space    used 4216K, committed 4544K, reserved 1048576K
}
Event: 14.418 GC heap before
{Heap before GC invocations=41 (full 0):
 garbage-first heap   total 100352K, used 65412K [0x00000000c0000000, 0x0000000100000000)
  region size 1024K, 5 young (5120K), 4 survivors (4096K)
 Metaspace       used 37402K, committed 38272K, reserved 1114112K
  class space    used 4216K, committed 4544K, reserved 1048576K
}
Event: 14.423 GC heap after
{Heap after GC invocations=42 (full 0):
 garbage-first heap   total 100352K, used 55143K [0x00000000c0000000, 0x0000000100000000)
  region size 1024K, 1 young (1024K), 1 survivors (1024K)
 Metaspace       used 37402K, committed 38272K, reserved 1114112K
  class space    used 4216K, committed 4544K, reserved 1048576K
}
Event: 14.435 GC heap before
{Heap before GC invocations=42 (full 0):
 garbage-first heap   total 100352K, used 58215K [0x00000000c0000000, 0x0000000100000000)
  region size 1024K, 4 young (4096K), 1 survivors (1024K)
 Metaspace       used 37402K, committed 38272K, reserved 1114112K
  class space    used 4216K, committed 4544K, reserved 1048576K
}
Event: 14.441 GC heap after
{Heap after GC invocations=43 (full 0):
 garbage-first heap   total 279552K, used 50648K [0x00000000c0000000, 0x0000000100000000)
  region size 1024K, 1 young (1024K), 1 survivors (1024K)
 Metaspace       used 37402K, committed 38272K, reserved 1114112K
  class space    used 4216K, committed 4544K, reserved 1048576K
}

